[2017-03-14 15:07:40,538] INFO [Group Metadata Manager on Broker 0]: Removed 0 expired offsets in 0 milliseconds. (kafka.coordinator.GroupMetadataManager)
[2017-03-14 15:23:41,151] INFO [GroupCoordinator 0]: Preparing to restabilize group consumers with old generation 3 (kafka.coordinator.GroupCoordinator)
[2017-03-14 15:23:41,157] INFO [GroupCoordinator 0]: Group consumers with generation 4 is now empty (kafka.coordinator.GroupCoordinator)
[2017-03-14 15:23:41,699] WARN Attempting to send response via channel for which there is no open connection, connection id 2 (kafka.network.Processor)
[2017-03-14 15:23:42,510] INFO Creating /controller (is it secure? false) (kafka.utils.ZKCheckedEphemeral)
[2017-03-14 15:23:42,682] INFO Result of znode creation is: OK (kafka.utils.ZKCheckedEphemeral)
[2017-03-14 15:23:42,683] INFO 0 successfully elected as leader (kafka.server.ZookeeperLeaderElector)
[2017-03-14 15:23:43,457] INFO re-registering broker info in ZK for broker 0 (kafka.server.KafkaHealthcheck$SessionExpireListener)
[2017-03-14 15:23:43,459] INFO Creating /brokers/ids/0 (is it secure? false) (kafka.utils.ZKCheckedEphemeral)
[2017-03-14 15:23:43,666] INFO Result of znode creation is: OK (kafka.utils.ZKCheckedEphemeral)
[2017-03-14 15:23:43,666] INFO Registered broker 0 at path /brokers/ids/0 with addresses: PLAINTEXT -> EndPoint(INCHCMLP02852.TechMahindra.com,9092,PLAINTEXT) (kafka.utils.ZkUtils)
[2017-03-14 15:23:43,667] INFO done re-registering broker (kafka.server.KafkaHealthcheck$SessionExpireListener)
[2017-03-14 15:23:43,667] INFO Subscribing to /brokers/topics path to watch for new topics (kafka.server.KafkaHealthcheck$SessionExpireListener)
[2017-03-14 15:23:45,981] INFO [GroupCoordinator 0]: Preparing to restabilize group consumers with old generation 4 (kafka.coordinator.GroupCoordinator)
[2017-03-14 15:23:45,981] INFO [GroupCoordinator 0]: Stabilized group consumers generation 5 (kafka.coordinator.GroupCoordinator)
[2017-03-14 15:23:45,983] INFO [GroupCoordinator 0]: Assignment received from leader for group consumers for generation 5 (kafka.coordinator.GroupCoordinator)
[2017-03-14 15:23:49,681] INFO New leader is 0 (kafka.server.ZookeeperLeaderElector$LeaderChangeListener)
[2017-03-14 15:23:49,681] INFO [ReplicaFetcherManager on broker 0] Removed fetcher for partitions __consumer_offsets-22,__consumer_offsets-30,__consumer_offsets-8,__consumer_offsets-21,__consumer_offsets-4,__consumer_offsets-27,__consumer_offsets-7,__consumer_offsets-9,__consumer_offsets-46,__consumer_offsets-25,__consumer_offsets-35,__consumer_offsets-41,__consumer_offsets-33,__consumer_offsets-23,__consumer_offsets-49,__consumer_offsets-47,__consumer_offsets-16,__consumer_offsets-28,__consumer_offsets-31,__consumer_offsets-36,__consumer_offsets-42,__consumer_offsets-3,__consumer_offsets-18,__consumer_offsets-37,__consumer_offsets-15,__consumer_offsets-24,__consumer_offsets-38,__consumer_offsets-17,__consumer_offsets-48,topicConsumer-0,__consumer_offsets-19,__consumer_offsets-11,__consumer_offsets-13,__consumer_offsets-2,__consumer_offsets-43,__consumer_offsets-6,__consumer_offsets-14,__consumer_offsets-20,__consumer_offsets-0,__consumer_offsets-44,__consumer_offsets-39,__consumer_offsets-12,__consumer_offsets-45,__consumer_offsets-1,__consumer_offsets-5,__consumer_offsets-26,__consumer_offsets-29,__consumer_offsets-34,__consumer_offsets-10,__consumer_offsets-32,__consumer_offsets-40 (kafka.server.ReplicaFetcherManager)
[2017-03-14 15:24:49,134] INFO [GroupCoordinator 0]: Preparing to restabilize group consumers with old generation 5 (kafka.coordinator.GroupCoordinator)
[2017-03-14 15:24:49,134] INFO [GroupCoordinator 0]: Group consumers with generation 6 is now empty (kafka.coordinator.GroupCoordinator)
[2017-03-14 15:25:02,307] INFO [Kafka Server 0], shutting down (kafka.server.KafkaServer)
[2017-03-14 15:25:02,322] INFO [Kafka Server 0], Starting controlled shutdown (kafka.server.KafkaServer)
[2017-03-14 15:25:02,463] INFO [Kafka Server 0], Controlled shutdown succeeded (kafka.server.KafkaServer)
[2017-03-14 15:25:02,479] INFO [Socket Server on Broker 0], Shutting down (kafka.network.SocketServer)
[2017-03-14 15:25:02,510] INFO [Socket Server on Broker 0], Shutdown completed (kafka.network.SocketServer)
[2017-03-14 15:25:02,510] INFO [Kafka Request Handler on Broker 0], shutting down (kafka.server.KafkaRequestHandlerPool)
[2017-03-14 15:25:02,510] INFO [Kafka Request Handler on Broker 0], shut down completely (kafka.server.KafkaRequestHandlerPool)
[2017-03-14 15:25:02,526] INFO [ThrottledRequestReaper-Fetch], Shutting down (kafka.server.ClientQuotaManager$ThrottledRequestReaper)
[2017-03-14 15:25:03,410] INFO [ThrottledRequestReaper-Fetch], Stopped  (kafka.server.ClientQuotaManager$ThrottledRequestReaper)
[2017-03-14 15:25:03,410] INFO [ThrottledRequestReaper-Fetch], Shutdown completed (kafka.server.ClientQuotaManager$ThrottledRequestReaper)
[2017-03-14 15:25:03,410] INFO [ThrottledRequestReaper-Produce], Shutting down (kafka.server.ClientQuotaManager$ThrottledRequestReaper)
[2017-03-14 15:25:04,410] INFO [ThrottledRequestReaper-Produce], Stopped  (kafka.server.ClientQuotaManager$ThrottledRequestReaper)
[2017-03-14 15:25:04,410] INFO [ThrottledRequestReaper-Produce], Shutdown completed (kafka.server.ClientQuotaManager$ThrottledRequestReaper)
[2017-03-14 15:25:04,488] INFO [KafkaApi-0] Shutdown complete. (kafka.server.KafkaApis)
[2017-03-14 15:25:04,550] INFO [Replica Manager on Broker 0]: Shutting down (kafka.server.ReplicaManager)
[2017-03-14 15:25:04,566] INFO [ReplicaFetcherManager on broker 0] shutting down (kafka.server.ReplicaFetcherManager)
[2017-03-14 15:25:04,613] INFO [ReplicaFetcherManager on broker 0] shutdown completed (kafka.server.ReplicaFetcherManager)
[2017-03-14 15:25:04,613] INFO [ExpirationReaper-0], Shutting down (kafka.server.DelayedOperationPurgatory$ExpiredOperationReaper)
[2017-03-14 15:25:04,644] INFO [ExpirationReaper-0], Stopped  (kafka.server.DelayedOperationPurgatory$ExpiredOperationReaper)
[2017-03-14 15:25:04,644] INFO [ExpirationReaper-0], Shutdown completed (kafka.server.DelayedOperationPurgatory$ExpiredOperationReaper)
[2017-03-14 15:25:04,644] INFO [ExpirationReaper-0], Shutting down (kafka.server.DelayedOperationPurgatory$ExpiredOperationReaper)
[2017-03-14 15:25:04,753] INFO [ExpirationReaper-0], Stopped  (kafka.server.DelayedOperationPurgatory$ExpiredOperationReaper)
[2017-03-14 15:25:04,753] INFO [ExpirationReaper-0], Shutdown completed (kafka.server.DelayedOperationPurgatory$ExpiredOperationReaper)
[2017-03-14 15:25:04,863] INFO [Replica Manager on Broker 0]: Shut down completely (kafka.server.ReplicaManager)
[2017-03-14 15:25:04,894] INFO [ExpirationReaper-0], Shutting down (kafka.server.DelayedOperationPurgatory$ExpiredOperationReaper)
[2017-03-14 15:25:04,957] INFO [ExpirationReaper-0], Stopped  (kafka.server.DelayedOperationPurgatory$ExpiredOperationReaper)
[2017-03-14 15:25:04,957] INFO [ExpirationReaper-0], Shutdown completed (kafka.server.DelayedOperationPurgatory$ExpiredOperationReaper)
[2017-03-14 15:25:04,972] INFO Shutting down. (kafka.log.LogManager)
[2017-03-14 15:25:13,211] INFO Shutdown complete. (kafka.log.LogManager)
[2017-03-14 15:25:13,226] INFO [GroupCoordinator 0]: Shutting down. (kafka.coordinator.GroupCoordinator)
[2017-03-14 15:25:13,226] INFO [ExpirationReaper-0], Shutting down (kafka.server.DelayedOperationPurgatory$ExpiredOperationReaper)
[2017-03-14 15:25:13,320] INFO [ExpirationReaper-0], Stopped  (kafka.server.DelayedOperationPurgatory$ExpiredOperationReaper)
[2017-03-14 15:25:13,320] INFO [ExpirationReaper-0], Shutdown completed (kafka.server.DelayedOperationPurgatory$ExpiredOperationReaper)
[2017-03-14 15:25:13,320] INFO [ExpirationReaper-0], Shutting down (kafka.server.DelayedOperationPurgatory$ExpiredOperationReaper)
[2017-03-14 15:25:13,492] INFO [ExpirationReaper-0], Stopped  (kafka.server.DelayedOperationPurgatory$ExpiredOperationReaper)
[2017-03-14 15:25:13,492] INFO [ExpirationReaper-0], Shutdown completed (kafka.server.DelayedOperationPurgatory$ExpiredOperationReaper)
[2017-03-14 15:25:13,492] INFO [GroupCoordinator 0]: Shutdown complete. (kafka.coordinator.GroupCoordinator)
[2017-03-14 15:25:13,597] INFO [Kafka Server 0], shut down completed (kafka.server.KafkaServer)
